#
# There is insufficient memory for the Java Runtime Environment to continue.
# Native memory allocation (malloc) failed to allocate 753456 bytes for Chunk::new
# Possible reasons:
#   The system is out of physical RAM or swap space
#   In 32 bit mode, the process size limit was hit
# Possible solutions:
#   Reduce memory load on the system
#   Increase physical memory or swap space
#   Check if swap backing store is full
#   Use 64 bit Java on a 64 bit OS
#   Decrease Java heap size (-Xmx/-Xms)
#   Decrease number of Java threads
#   Decrease Java thread stack sizes (-Xss)
#   Set larger code cache with -XX:ReservedCodeCacheSize=
# This output file may be truncated or incomplete.
#
#  Out of Memory Error (allocation.cpp:390), pid=4912, tid=0x00000000000006a8
#
# JRE version: Java(TM) SE Runtime Environment (8.0_111-b14) (build 1.8.0_111-b14)
# Java VM: Java HotSpot(TM) 64-Bit Server VM (25.111-b14 mixed mode windows-amd64 compressed oops)
# Failed to write core dump. Minidumps are not enabled by default on client versions of Windows
#

---------------  T H R E A D  ---------------

Current thread (0x0000000013cde000):  JavaThread "C2 CompilerThread0" daemon [_thread_in_native, id=1704, stack(0x0000000015350000,0x0000000015450000)]

Stack: [0x0000000015350000,0x0000000015450000]
[error occurred during error reporting (printing stack bounds), id 0xc0000005]

Native frames: (J=compiled Java code, j=interpreted, Vv=VM code, C=native code)


Current CompileTask:
C2:   2810 1357       4       com.android.dx.dex.code.OutputFinisher::addConstants (93 bytes)


---------------  P R O C E S S  ---------------

Java Threads: ( => current thread )
  0x000000001568a800 JavaThread "Service Thread" daemon [_thread_blocked, id=9452, stack(0x0000000015a50000,0x0000000015b50000)]
  0x0000000013ce7000 JavaThread "C1 CompilerThread2" daemon [_thread_blocked, id=7660, stack(0x0000000015550000,0x0000000015650000)]
  0x0000000013ce3800 JavaThread "C2 CompilerThread1" daemon [_thread_blocked, id=232, stack(0x0000000015450000,0x0000000015550000)]
=>0x0000000013cde000 JavaThread "C2 CompilerThread0" daemon [_thread_in_native, id=1704, stack(0x0000000015350000,0x0000000015450000)]
  0x0000000013cdc000 JavaThread "Attach Listener" daemon [_thread_blocked, id=7516, stack(0x0000000015250000,0x0000000015350000)]
  0x0000000013cdb000 JavaThread "Signal Dispatcher" daemon [_thread_blocked, id=12976, stack(0x0000000015150000,0x0000000015250000)]
  0x000000000296b000 JavaThread "Finalizer" daemon [_thread_blocked, id=13912, stack(0x0000000014f60000,0x0000000015060000)]
  0x0000000002960800 JavaThread "Reference Handler" daemon [_thread_blocked, id=2712, stack(0x0000000014e60000,0x0000000014f60000)]
  0x000000000269e800 JavaThread "main" [_thread_in_Java, id=10428, stack(0x0000000002770000,0x0000000002870000)]

Other Threads:
  0x0000000013ca8800 VMThread [stack: 0x0000000014d60000,0x0000000014e60000] [id=6628]
  0x000000001568e800 WatcherThread [stack: 0x0000000015b50000,0x0000000015c50000] [id=12168]

VM state:not at safepoint (normal execution)

VM Mutex/Monitor currently owned by a thread: None

Heap:
 PSYoungGen      total 37888K, used 6326K [0x00000000f5580000, 0x00000000f9f80000, 0x0000000100000000)
  eden space 32768K, 3% used [0x00000000f5580000,0x00000000f56b4010,0x00000000f7580000)
  from space 5120K, 99% used [0x00000000f7580000,0x00000000f7a79970,0x00000000f7a80000)
  to   space 5120K, 0% used [0x00000000f9a80000,0x00000000f9a80000,0x00000000f9f80000)
 ParOldGen       total 86016K, used 2212K [0x00000000e0000000, 0x00000000e5400000, 0x00000000f5580000)
  object space 86016K, 2% used [0x00000000e0000000,0x00000000e02291a8,0x00000000e5400000)
 Metaspace       used 6217K, capacity 7128K, committed 7424K, reserved 1056768K
  class space    used 622K, capacity 656K, committed 768K, reserved 1048576K

Card table byte_map: [0x0000000011d30000,0x0000000011e40000] byte_map_base: 0x0000000011630000

Marking Bits: (ParMarkBitMap*) 0x0000000065e6a6c0
 Begin Bits: [0x0000000012240000, 0x0000000012a40000)
 End Bits:   [0x0000000012a40000, 0x0000000013240000)

Polling page: 0x0000000000a90000

CodeCache: size=245760Kb used=6001Kb max_used=6001Kb free=239758Kb
 bounds [0x0000000002970000, 0x0000000002f60000, 0x0000000011970000]
 total_blobs=1761 nmethods=1500 adapters=175
 compilation: enabled

Compilation events (10 events):
Event: 2.763 Thread 0x0000000013ce7000 1465       3       com.android.dx.dex.code.InsnFormat::unsignedFitsInShort (14 bytes)
Event: 2.763 Thread 0x0000000013ce7000 nmethod 1465 0x0000000002f2a450 code [0x0000000002f2a5a0, 0x0000000002f2a730]
Event: 2.765 Thread 0x0000000013ce7000 1466       3       com.android.dx.dex.file.TypeIdsSection::get (71 bytes)
Event: 2.766 Thread 0x0000000013ce7000 nmethod 1466 0x0000000002f2a7d0 code [0x0000000002f2aa40, 0x0000000002f2bb78]
Event: 2.766 Thread 0x0000000013ce7000 1467       3       com.android.dx.dex.code.CstInsn::setClassIndex (37 bytes)
Event: 2.767 Thread 0x0000000013ce7000 nmethod 1467 0x0000000002f2c310 code [0x0000000002f2c4a0, 0x0000000002f2c7d8]
Event: 2.767 Thread 0x0000000013ce7000 1468       1       com.android.dx.dex.code.form.Form35c::codeSize (2 bytes)
Event: 2.767 Thread 0x0000000013ce7000 nmethod 1468 0x0000000002f2c910 code [0x0000000002f2ca60, 0x0000000002f2cb70]
Event: 2.788 Thread 0x0000000013ce3800 1469       4       com.android.dx.dex.code.DalvInsn::setAddress (20 bytes)
Event: 2.789 Thread 0x0000000013ce7000 1470       3       com.android.dx.rop.code.RegisterSpecSet::findMatchingLocal (49 bytes)

GC Heap History (2 events):
Event: 2.573 GC heap before
{Heap before GC invocations=1 (full 0):
 PSYoungGen      total 37888K, used 32768K [0x00000000f5580000, 0x00000000f7f80000, 0x0000000100000000)
  eden space 32768K, 100% used [0x00000000f5580000,0x00000000f7580000,0x00000000f7580000)
  from space 5120K, 0% used [0x00000000f7a80000,0x00000000f7a80000,0x00000000f7f80000)
  to   space 5120K, 0% used [0x00000000f7580000,0x00000000f7580000,0x00000000f7a80000)
 ParOldGen       total 86016K, used 0K [0x00000000e0000000, 0x00000000e5400000, 0x00000000f5580000)
  object space 86016K, 0% used [0x00000000e0000000,0x00000000e0000000,0x00000000e5400000)
 Metaspace       used 6080K, capacity 7064K, committed 7424K, reserved 1056768K
  class space    used 611K, capacity 656K, committed 768K, reserved 1048576K
Event: 2.643 GC heap after
Heap after GC invocations=1 (full 0):
 PSYoungGen      total 37888K, used 5094K [0x00000000f5580000, 0x00000000f9f80000, 0x0000000100000000)
  eden space 32768K, 0% used [0x00000000f5580000,0x00000000f5580000,0x00000000f7580000)
  from space 5120K, 99% used [0x00000000f7580000,0x00000000f7a79970,0x00000000f7a80000)
  to   space 5120K, 0% used [0x00000000f9a80000,0x00000000f9a80000,0x00000000f9f80000)
 ParOldGen       total 86016K, used 2212K [0x00000000e0000000, 0x00000000e5400000, 0x00000000f5580000)
  object space 86016K, 2% used [0x00000000e0000000,0x00000000e02291a8,0x00000000e5400000)
 Metaspace       used 6080K, capacity 7064K, committed 7424K, reserved 1056768K
  class space    used 611K, capacity 656K, committed 768K, reserved 1048576K
}

Deoptimization events (10 events):
Event: 2.532 Thread 0x000000000269e800 Uncommon trap: reason=bimorphic action=maybe_recompile pc=0x0000000002ee6b04 method=java.util.HashMap.putVal(ILjava/lang/Object;Ljava/lang/Object;ZZ)Ljava/lang/Object; @ 203
Event: 2.532 Thread 0x000000000269e800 Uncommon trap: reason=unstable_if action=reinterpret pc=0x0000000002ee6ac0 method=java.util.HashMap.putVal(ILjava/lang/Object;Ljava/lang/Object;ZZ)Ljava/lang/Object; @ 94
Event: 2.752 Thread 0x000000000269e800 Uncommon trap: reason=speculate_class_check action=maybe_recompile pc=0x0000000002dcdb98 method=com.android.dx.util.FixedSizeList.equals(Ljava/lang/Object;)Z @ 25
Event: 2.752 Thread 0x000000000269e800 Uncommon trap: reason=class_check action=maybe_recompile pc=0x0000000002d9a11c method=java.util.Arrays.equals([Ljava/lang/Object;[Ljava/lang/Object;)Z @ 62
Event: 2.752 Thread 0x000000000269e800 Uncommon trap: reason=speculate_class_check action=maybe_recompile pc=0x0000000002dcdb98 method=com.android.dx.util.FixedSizeList.equals(Ljava/lang/Object;)Z @ 25
Event: 2.752 Thread 0x000000000269e800 Uncommon trap: reason=class_check action=maybe_recompile pc=0x0000000002d9a11c method=java.util.Arrays.equals([Ljava/lang/Object;[Ljava/lang/Object;)Z @ 62
Event: 2.752 Thread 0x000000000269e800 Uncommon trap: reason=speculate_class_check action=maybe_recompile pc=0x0000000002dcdb98 method=com.android.dx.util.FixedSizeList.equals(Ljava/lang/Object;)Z @ 25
Event: 2.752 Thread 0x000000000269e800 Uncommon trap: reason=class_check action=maybe_recompile pc=0x0000000002d9a11c method=java.util.Arrays.equals([Ljava/lang/Object;[Ljava/lang/Object;)Z @ 62
Event: 2.752 Thread 0x000000000269e800 Uncommon trap: reason=speculate_class_check action=maybe_recompile pc=0x0000000002dcdb98 method=com.android.dx.util.FixedSizeList.equals(Ljava/lang/Object;)Z @ 25
Event: 2.752 Thread 0x000000000269e800 Uncommon trap: reason=class_check action=maybe_recompile pc=0x0000000002d9a11c method=java.util.Arrays.equals([Ljava/lang/Object;[Ljava/lang/Object;)Z @ 62

Internal exceptions (2 events):
Event: 0.262 Thread 0x000000000269e800 Exception <a 'java/lang/NoSuchMethodError': Method sun.misc.Unsafe.defineClass(Ljava/lang/String;[BII)Ljava/lang/Class; name or signature does not match> (0x00000000f5587c78) thrown at [C:\re\workspace\8-2-build-windows-amd64-cygwin\jdk8u111\7883\hotspot\
Event: 0.262 Thread 0x000000000269e800 Exception <a 'java/lang/NoSuchMethodError': Method sun.misc.Unsafe.prefetchRead(Ljava/lang/Object;J)V name or signature does not match> (0x00000000f5587f60) thrown at [C:\re\workspace\8-2-build-windows-amd64-cygwin\jdk8u111\7883\hotspot\src\share\vm\prims

Events (10 events):
Event: 2.752 Thread 0x000000000269e800 Uncommon trap: trap_request=0xffffff76 fr.pc=0x0000000002dcdb98
Event: 2.752 Thread 0x000000000269e800 DEOPT PACKING pc=0x0000000002dcdb98 sp=0x000000000286ed00
Event: 2.752 Thread 0x000000000269e800 DEOPT UNPACKING pc=0x00000000029b582a sp=0x000000000286ecc0 mode 2
Event: 2.752 Thread 0x000000000269e800 Uncommon trap: trap_request=0xffffffde fr.pc=0x0000000002d9a11c
Event: 2.752 Thread 0x000000000269e800 DEOPT PACKING pc=0x0000000002d9a11c sp=0x000000000286ec90
Event: 2.752 Thread 0x000000000269e800 DEOPT UNPACKING pc=0x00000000029b582a sp=0x000000000286ec30 mode 2
Event: 2.753 loading class com/android/dx/dex/code/CatchTable$Entry
Event: 2.753 loading class com/android/dx/dex/code/CatchTable$Entry done
Event: 2.754 loading class com/android/dx/util/ByteArrayAnnotatedOutput
Event: 2.754 loading class com/android/dx/util/ByteArrayAnnotatedOutput done


Dynamic libraries:
0x00007ff7c4fd0000 - 0x00007ff7c5007000 	C:\Program Files\Java\jdk1.8.0_111\bin\java.exe
0x00007ffcde3e0000 - 0x00007ffcde5bb000 	C:\WINDOWS\SYSTEM32\ntdll.dll
0x00007ffcddb60000 - 0x00007ffcddc0e000 	C:\WINDOWS\System32\KERNEL32.DLL
0x00007ffcda900000 - 0x00007ffcdab49000 	C:\WINDOWS\System32\KERNELBASE.dll
0x00007ffcdda30000 - 0x00007ffcddad1000 	C:\WINDOWS\System32\ADVAPI32.dll
0x00007ffcddd40000 - 0x00007ffcddddd000 	C:\WINDOWS\System32\msvcrt.dll
0x00007ffcdd110000 - 0x00007ffcdd169000 	C:\WINDOWS\System32\sechost.dll
0x00007ffcddc10000 - 0x00007ffcddd35000 	C:\WINDOWS\System32\RPCRT4.dll
0x00007ffcdd170000 - 0x00007ffcdd2ba000 	C:\WINDOWS\System32\USER32.dll
0x00007ffcdab50000 - 0x00007ffcdab6e000 	C:\WINDOWS\System32\win32u.dll
0x00007ffcdd5c0000 - 0x00007ffcdd5e7000 	C:\WINDOWS\System32\GDI32.dll
0x00007ffcdae60000 - 0x00007ffcdafe8000 	C:\WINDOWS\System32\gdi32full.dll
0x00007ffcdb6f0000 - 0x00007ffcdb78a000 	C:\WINDOWS\System32\msvcp_win.dll
0x00007ffcdb7f0000 - 0x00007ffcdb8e6000 	C:\WINDOWS\System32\ucrtbase.dll
0x00007ffcd0940000 - 0x00007ffcd0ba7000 	C:\WINDOWS\WinSxS\amd64_microsoft.windows.common-controls_6595b64144ccf1df_6.0.15063.483_none_26002d27e7c744a2\COMCTL32.dll
0x00007ffcdce10000 - 0x00007ffcdd109000 	C:\WINDOWS\System32\combase.dll
0x00007ffcdadf0000 - 0x00007ffcdae5a000 	C:\WINDOWS\System32\bcryptPrimitives.dll
0x00007ffcddde0000 - 0x00007ffcdde0d000 	C:\WINDOWS\System32\IMM32.DLL
0x0000000065ef0000 - 0x0000000065fc2000 	C:\Program Files\Java\jdk1.8.0_111\jre\bin\msvcr100.dll
0x0000000065650000 - 0x0000000065eea000 	C:\Program Files\Java\jdk1.8.0_111\jre\bin\server\jvm.dll
0x00007ffcdcd90000 - 0x00007ffcdcd98000 	C:\WINDOWS\System32\PSAPI.DLL
0x00007ffcca760000 - 0x00007ffcca769000 	C:\WINDOWS\SYSTEM32\WSOCK32.dll
0x00007ffcdcda0000 - 0x00007ffcdce0c000 	C:\WINDOWS\System32\WS2_32.dll
0x00007ffcd89a0000 - 0x00007ffcd89c3000 	C:\WINDOWS\SYSTEM32\WINMM.dll
0x00007ffccb940000 - 0x00007ffccb94a000 	C:\WINDOWS\SYSTEM32\VERSION.dll
0x00007ffcd8940000 - 0x00007ffcd896b000 	C:\WINDOWS\SYSTEM32\winmmbase.dll
0x00007ffcdb8f0000 - 0x00007ffcdb939000 	C:\WINDOWS\System32\cfgmgr32.dll
0x0000000065640000 - 0x000000006564f000 	C:\Program Files\Java\jdk1.8.0_111\jre\bin\verify.dll
0x0000000065610000 - 0x0000000065639000 	C:\Program Files\Java\jdk1.8.0_111\jre\bin\java.dll
0x00000000655f0000 - 0x0000000065606000 	C:\Program Files\Java\jdk1.8.0_111\jre\bin\zip.dll
0x00007ffcdb950000 - 0x00007ffcdcd87000 	C:\WINDOWS\System32\SHELL32.dll
0x00007ffcdd810000 - 0x00007ffcdd8ba000 	C:\WINDOWS\System32\shcore.dll
0x00007ffcdaff0000 - 0x00007ffcdb6e3000 	C:\WINDOWS\System32\windows.storage.dll
0x00007ffcdde10000 - 0x00007ffcdde61000 	C:\WINDOWS\System32\shlwapi.dll
0x00007ffcda8c0000 - 0x00007ffcda8d1000 	C:\WINDOWS\System32\kernel.appcore.dll
0x00007ffcda850000 - 0x00007ffcda89c000 	C:\WINDOWS\System32\powrprof.dll
0x00007ffcda8e0000 - 0x00007ffcda8f5000 	C:\WINDOWS\System32\profapi.dll

VM Arguments:
jvm_args: -Djava.awt.headless=true -Xmx1024M -Dfile.encoding=windows-1252 -Duser.country=US -Duser.language=en -Duser.variant -Xmx512M 
java_command: com.android.dx.command.Main --dex --num-threads=4 --output G:\projetEvaluation\project_twitter_client\app\build\intermediates\pre-dexed\debug\debug_9841edec96f3c87f1a34b199e7f9cf5dd6a87e66.jar G:\projetEvaluation\project_twitter_client\app\build\intermediates\classes\debug
java_class_path (initial): C:\Users\domin\AppData\Local\Android\sdk\build-tools\25.0.0\lib\dx.jar
Launcher Type: SUN_STANDARD

Environment Variables:
_JAVA_OPTIONS=-Xmx512M
CLASSPATH=.;C:\Program Files (x86)\QuickTime\QTSystem\QTJava.zip
PATH=C:\ProgramData\Oracle\Java\javapath;C:\WINDOWS\system32;C:\WINDOWS;C:\WINDOWS\System32\Wbem;C:\WINDOWS\System32\WindowsPowerShell\v1.0\;C:\Program Files (x86)\QuickTime\QTSystem\;C:\Program Files (x86)\Windows Kits\8.1\Windows Performance Toolkit\;C:\Program Files\Microsoft SQL Server\110\Tools\Binn\;C:\Program Files\Microsoft SQL Server\120\DTS\Binn\;C:\Program Files\Microsoft SQL Server\Client SDK\ODBC\110\Tools\Binn\;C:\Program Files (x86)\Microsoft SQL Server\120\Tools\Binn\;C:\Program Files\Microsoft SQL Server\120\Tools\Binn\;C:\Program Files (x86)\Microsoft SQL Server\120\Tools\Binn\ManagementStudio\;C:\Program Files (x86)\Microsoft SQL Server\120\DTS\Binn\;C:\android-sdk-windows\;C:\Program Files (x86)\Skype\Phone\;C:\Program Files (x86)\Calibre2\;C:\Program Files (x86)\Windows Live\Shared;C:\Program Files (x86)\GtkSharp\2.12\bin;C:\Program Files\Git\cmd;C:\Users\domin\AppData\Local\Microsoft\WindowsApps;
USERNAME=domin
OS=Windows_NT
PROCESSOR_IDENTIFIER=Intel64 Family 6 Model 37 Stepping 5, GenuineIntel



---------------  S Y S T E M  ---------------

OS: Windows 10.0 , 64 bit Build 15063 (10.0.15063.296)

CPU:total 4 (2 cores per cpu, 2 threads per core) family 6 model 37 stepping 5, cmov, cx8, fxsr, mmx, sse, sse2, sse3, ssse3, sse4.1, sse4.2, popcnt, ht, tsc, tscinvbit

Memory: 4k page, physical 8181612k(1229572k free), swap 10121068k(197776k free)

vm_info: Java HotSpot(TM) 64-Bit Server VM (25.111-b14) for windows-amd64 JRE (1.8.0_111-b14), built on Sep 22 2016 19:24:05 by "java_re" with MS VC++ 10.0 (VS2010)

time: Sun Aug 06 16:18:10 2017
elapsed time: 2 seconds (0d 0h 0m 2s)

